{	"Category": {}, 	"CategoryString": null, 	"ComputerName": "MATLCKW10VM01", 	"Container": null, 	"Data": null, 	"EventCode": {}, 	"EventIdentifier": 1073746449, 	"EventType": {}, 	"Logfile": "Application", 	"Message": "The EventSystem sub system is suppressing duplicate event log entries for a duration of 86400 seconds.  The suppression timeout can be controlled by a REG_DWORD value named SuppressDuplicateDuration under the following registry key: HKLM\\Software\\Microsoft\\EventSystem\\EventLog.", 	"PSComputerName": "localhost", 	"PSShowComputerName": true, 	"RecordNumber": 2133, 	"RunspaceId": {	"Guid": "4e131239-234a-4f2b-9ea7-795f6fba5f71"}, 	"Site": null, 	"SourceName": "Microsoft-Windows-EventSystem", 	"TimeGenerated": "20181204142424.093762-000", 	"TimeWritten": "20181204142424.093762-000", 	"Type": "Information", 	"User": null}
{	"Category": {}, 	"CategoryString": null, 	"ComputerName": "MATLCKW10VM01", 	"Container": null, 	"Data": null, 	"EventCode": {}, 	"EventIdentifier": 1073746449, 	"EventType": {}, 	"Logfile": "Application", 	"Message": "The EventSystem sub system is suppressing duplicate event log entries for a duration of 86400 seconds.  The suppression timeout can be controlled by a REG_DWORD value named SuppressDuplicateDuration under the following registry key: HKLM\\Software\\Microsoft\\EventSystem\\EventLog.", 	"PSComputerName": "localhost", 	"PSShowComputerName": true, 	"RecordNumber": 1686, 	"RunspaceId": {	"Guid": "4e131239-234a-4f2b-9ea7-795f6fba5f71"}, 	"Site": null, 	"SourceName": "Microsoft-Windows-EventSystem", 	"TimeGenerated": "20181128005256.098004-000", 	"TimeWritten": "20181128005256.098004-000", 	"Type": "Information", 	"User": null}
{	"Category": {}, 	"CategoryString": null, 	"ComputerName": "MATLCKW10VM01", 	"Container": null, 	"Data": null, 	"EventCode": {}, 	"EventIdentifier": 1073746449, 	"EventType": {}, 	"Logfile": "Application", 	"Message": "The EventSystem sub system is suppressing duplicate event log entries for a duration of 86400 seconds.  The suppression timeout can be controlled by a REG_DWORD value named SuppressDuplicateDuration under the following registry key: HKLM\\Software\\Microsoft\\EventSystem\\EventLog.", 	"PSComputerName": "localhost", 	"PSShowComputerName": true, 	"RecordNumber": 1099, 	"RunspaceId": {	"Guid": "4e131239-234a-4f2b-9ea7-795f6fba5f71"}, 	"Site": null, 	"SourceName": "Microsoft-Windows-EventSystem", 	"TimeGenerated": "20181121155422.176300-000", 	"TimeWritten": "20181121155422.176300-000", 	"Type": "Information", 	"User": null}
{	"Category": {}, 	"CategoryString": null, 	"ComputerName": "MATLCKW10VM01", 	"Container": null, 	"Data": null, 	"EventCode": {}, 	"EventIdentifier": 1073746449, 	"EventType": {}, 	"Logfile": "Application", 	"Message": "The EventSystem sub system is suppressing duplicate event log entries for a duration of 86400 seconds.  The suppression timeout can be controlled by a REG_DWORD value named SuppressDuplicateDuration under the following registry key: HKLM\\Software\\Microsoft\\EventSystem\\EventLog.", 	"PSComputerName": "localhost", 	"PSShowComputerName": true, 	"RecordNumber": 12, 	"RunspaceId": {	"Guid": "4e131239-234a-4f2b-9ea7-795f6fba5f71"}, 	"Site": null, 	"SourceName": "Microsoft-Windows-EventSystem", 	"TimeGenerated": "20181103121309.984960-000", 	"TimeWritten": "20181103121309.984960-000", 	"Type": "Information", 	"User": null}
